{"/Users/prashanthreddykadire/Documents/yum-yield/src/componenets/Contact.js": {"path":"/Users/prashanthreddykadire/Documents/yum-yield/src/componenets/Contact.js","statementMap":{"0":{"start":{"line":1,"column":16},"end":{"line":16,"column":1}},"1":{"start":{"line":2,"column":4},"end":{"line":15,"column":6}}},"fnMap":{"0":{"name":"(anonymous_0)","decl":{"start":{"line":1,"column":16},"end":{"line":1,"column":17}},"loc":{"start":{"line":1,"column":22},"end":{"line":16,"column":1}},"line":1}},"branchMap":{},"s":{"0":1,"1":4},"f":{"0":4},"b":{},"_coverageSchema":"1a1c01bbd47fc00a2c39e90264f33305004495a9","hash":"1e20a26e36d9dabc927747577d30ff83b689b084"}
,"/Users/prashanthreddykadire/Documents/yum-yield/src/componenets/Header.js": {"path":"/Users/prashanthreddykadire/Documents/yum-yield/src/componenets/Header.js","statementMap":{"0":{"start":{"line":9,"column":15},"end":{"line":51,"column":1}},"1":{"start":{"line":10,"column":43},"end":{"line":10,"column":60}},"2":{"start":{"line":11,"column":25},"end":{"line":11,"column":42}},"3":{"start":{"line":15,"column":8},"end":{"line":15,"column":31}},"4":{"start":{"line":18,"column":22},"end":{"line":18,"column":62}},"5":{"start":{"line":18,"column":45},"end":{"line":18,"column":61}},"6":{"start":{"line":20,"column":4},"end":{"line":50,"column":6}},"7":{"start":{"line":42,"column":24},"end":{"line":42,"column":103}}},"fnMap":{"0":{"name":"(anonymous_0)","decl":{"start":{"line":9,"column":15},"end":{"line":9,"column":16}},"loc":{"start":{"line":9,"column":22},"end":{"line":51,"column":1}},"line":9},"1":{"name":"(anonymous_1)","decl":{"start":{"line":18,"column":34},"end":{"line":18,"column":35}},"loc":{"start":{"line":18,"column":45},"end":{"line":18,"column":61}},"line":18},"2":{"name":"(anonymous_2)","decl":{"start":{"line":41,"column":55},"end":{"line":41,"column":56}},"loc":{"start":{"line":41,"column":60},"end":{"line":43,"column":21}},"line":41}},"branchMap":{"0":{"loc":{"start":{"line":29,"column":56},"end":{"line":29,"column":82}},"type":"cond-expr","locations":[{"start":{"line":29,"column":70},"end":{"line":29,"column":75}},{"start":{"line":29,"column":78},"end":{"line":29,"column":82}}],"line":29},"1":{"loc":{"start":{"line":42,"column":24},"end":{"line":42,"column":103}},"type":"cond-expr","locations":[{"start":{"line":42,"column":51},"end":{"line":42,"column":76}},{"start":{"line":42,"column":79},"end":{"line":42,"column":103}}],"line":42}},"s":{"0":1,"1":2,"2":2,"3":2,"4":2,"5":4,"6":2,"7":0},"f":{"0":2,"1":4,"2":0},"b":{"0":[2,0],"1":[0,0]},"_coverageSchema":"1a1c01bbd47fc00a2c39e90264f33305004495a9","hash":"5575a693b1bb8920b70dd0cec28037f6f41734fb"}
,"/Users/prashanthreddykadire/Documents/yum-yield/src/componenets/sum.js": {"path":"/Users/prashanthreddykadire/Documents/yum-yield/src/componenets/sum.js","statementMap":{"0":{"start":{"line":1,"column":19},"end":{"line":3,"column":1}},"1":{"start":{"line":2,"column":4},"end":{"line":2,"column":17}}},"fnMap":{"0":{"name":"(anonymous_0)","decl":{"start":{"line":1,"column":19},"end":{"line":1,"column":20}},"loc":{"start":{"line":1,"column":29},"end":{"line":3,"column":1}},"line":1}},"branchMap":{},"s":{"0":1,"1":1},"f":{"0":1},"b":{},"_coverageSchema":"1a1c01bbd47fc00a2c39e90264f33305004495a9","hash":"685d458b3c435fc4d26c3fcaff0fe090bf57fc18"}
,"/Users/prashanthreddykadire/Documents/yum-yield/utils/appStore.js": {"path":"/Users/prashanthreddykadire/Documents/yum-yield/utils/appStore.js","statementMap":{"0":{"start":{"line":3,"column":17},"end":{"line":7,"column":2}}},"fnMap":{},"branchMap":{},"s":{"0":1},"f":{},"b":{},"_coverageSchema":"1a1c01bbd47fc00a2c39e90264f33305004495a9","hash":"b92eeb6fb08b81b525409da72cbf7b58dd5b5763"}
,"/Users/prashanthreddykadire/Documents/yum-yield/utils/cartSlice.js": {"path":"/Users/prashanthreddykadire/Documents/yum-yield/utils/cartSlice.js","statementMap":{"0":{"start":{"line":3,"column":18},"end":{"line":20,"column":2}},"1":{"start":{"line":11,"column":12},"end":{"line":11,"column":45}},"2":{"start":{"line":14,"column":12},"end":{"line":14,"column":30}},"3":{"start":{"line":17,"column":12},"end":{"line":17,"column":35}},"4":{"start":{"line":21,"column":48},"end":{"line":21,"column":65}}},"fnMap":{"0":{"name":"(anonymous_0)","decl":{"start":{"line":9,"column":17},"end":{"line":9,"column":18}},"loc":{"start":{"line":9,"column":35},"end":{"line":12,"column":9}},"line":9},"1":{"name":"(anonymous_1)","decl":{"start":{"line":13,"column":19},"end":{"line":13,"column":20}},"loc":{"start":{"line":13,"column":29},"end":{"line":15,"column":9}},"line":13},"2":{"name":"(anonymous_2)","decl":{"start":{"line":16,"column":19},"end":{"line":16,"column":20}},"loc":{"start":{"line":16,"column":29},"end":{"line":18,"column":9}},"line":16}},"branchMap":{},"s":{"0":1,"1":0,"2":0,"3":0,"4":1},"f":{"0":0,"1":0,"2":0},"b":{},"_coverageSchema":"1a1c01bbd47fc00a2c39e90264f33305004495a9","hash":"94cbe149d95cf91a67dd0d8c2cea96d203ab6312"}
,"/Users/prashanthreddykadire/Documents/yum-yield/utils/constants.js": {"path":"/Users/prashanthreddykadire/Documents/yum-yield/utils/constants.js","statementMap":{"0":{"start":{"line":1,"column":23},"end":{"line":1,"column":118}},"1":{"start":{"line":3,"column":25},"end":{"line":3,"column":237}},"2":{"start":{"line":5,"column":24},"end":{"line":5,"column":167}}},"fnMap":{},"branchMap":{},"s":{"0":1,"1":1,"2":1},"f":{},"b":{},"_coverageSchema":"1a1c01bbd47fc00a2c39e90264f33305004495a9","hash":"1599d925328f4f4b75a63af374153b43e5811b46"}
,"/Users/prashanthreddykadire/Documents/yum-yield/utils/useOnlineStatus.js": {"path":"/Users/prashanthreddykadire/Documents/yum-yield/utils/useOnlineStatus.js","statementMap":{"0":{"start":{"line":3,"column":24},"end":{"line":18,"column":1}},"1":{"start":{"line":4,"column":44},"end":{"line":4,"column":58}},"2":{"start":{"line":6,"column":4},"end":{"line":14,"column":10}},"3":{"start":{"line":7,"column":8},"end":{"line":9,"column":11}},"4":{"start":{"line":8,"column":12},"end":{"line":8,"column":35}},"5":{"start":{"line":11,"column":8},"end":{"line":13,"column":11}},"6":{"start":{"line":12,"column":12},"end":{"line":12,"column":34}},"7":{"start":{"line":17,"column":4},"end":{"line":17,"column":24}}},"fnMap":{"0":{"name":"(anonymous_0)","decl":{"start":{"line":3,"column":24},"end":{"line":3,"column":25}},"loc":{"start":{"line":3,"column":29},"end":{"line":18,"column":1}},"line":3},"1":{"name":"(anonymous_1)","decl":{"start":{"line":6,"column":14},"end":{"line":6,"column":15}},"loc":{"start":{"line":6,"column":19},"end":{"line":14,"column":5}},"line":6},"2":{"name":"(anonymous_2)","decl":{"start":{"line":7,"column":43},"end":{"line":7,"column":44}},"loc":{"start":{"line":7,"column":49},"end":{"line":9,"column":9}},"line":7},"3":{"name":"(anonymous_3)","decl":{"start":{"line":11,"column":42},"end":{"line":11,"column":43}},"loc":{"start":{"line":11,"column":48},"end":{"line":13,"column":9}},"line":11}},"branchMap":{},"s":{"0":1,"1":2,"2":2,"3":2,"4":0,"5":2,"6":0,"7":2},"f":{"0":2,"1":2,"2":0,"3":0},"b":{},"_coverageSchema":"1a1c01bbd47fc00a2c39e90264f33305004495a9","hash":"d8b0b7a7a569e679483317605455a750a3c1ca22"}
,"/Users/prashanthreddykadire/Documents/yum-yield/utils/userContext.js": {"path":"/Users/prashanthreddykadire/Documents/yum-yield/utils/userContext.js","statementMap":{"0":{"start":{"line":3,"column":20},"end":{"line":5,"column":2}}},"fnMap":{},"branchMap":{},"s":{"0":1},"f":{},"b":{},"_coverageSchema":"1a1c01bbd47fc00a2c39e90264f33305004495a9","hash":"3efaf037b6359bf0748f731f3cfd80e072ded147"}
}
